Starting program: /home/shay/a/duanh/264/hw03/prime_factor 

Program received signal SIGINT, Interrupt.
0x0000003a660db7e0 in __write_nocancel () from /lib64/libc.so.6
Undefined command: "backtrave".  Try "help".
#0  0x0000003a660db7e0 in __write_nocancel () from /lib64/libc.so.6
#1  0x0000003a66071943 in _IO_new_file_write () from /lib64/libc.so.6
#2  0x0000003a66072ef5 in _IO_new_do_write () from /lib64/libc.so.6
#3  0x0000003a660715bd in _IO_new_file_xsputn () from /lib64/libc.so.6
#4  0x0000003a66045018 in vfprintf () from /lib64/libc.so.6
#5  0x0000003a6604effa in printf () from /lib64/libc.so.6
#6  0x000000000040063c in print_prime_factors (n=0) at prime_factor.c:29
#7  0x00000000004006db in main (argc=1, argv=0x7fffffffe238) at test_prime_factor.c:7
#6  0x000000000040063c in print_prime_factors (n=0) at prime_factor.c:29
29	                printf(" %d", 2);
Stack level 6, frame at 0x7fffffffe140:
 rip = 0x40063c in print_prime_factors (prime_factor.c:29); saved rip = 0x4006db
 called by frame at 0x7fffffffe160, caller of frame at 0x7fffffffe110
 source language c.
 Arglist at 0x7fffffffe130, args: n=0
 Locals at 0x7fffffffe130, Previous frame's sp is 0x7fffffffe140
 Saved registers:
  rbp at 0x7fffffffe130, rip at 0x7fffffffe138
No locals.
n = 0
Breakpoint 1 at 0x4006d1: file test_prime_factor.c, line 7.
Starting program: /home/shay/a/duanh/264/hw03/prime_factor 

Breakpoint 1, main (argc=1, argv=0x7fffffffe238) at test_prime_factor.c:7
7		print_prime_factors(6);
print_prime_factors (n=6) at prime_factor.c:17
17	    if(n <= 0) {
21	        printf("Prime factors of %d:", n);
Undefined command: "last".  Try "help".
23	        if(n == 1) {
28	            while(n % 2 == 0) {
Undefined command: "ls".  Try "help".
29	                printf(" %d", 2);
30	                n %= 2;  // Divide n by 2 (integer division)
Undefined command: "exnt".  Try "help".
28	            while(n % 2 == 0) {
29	                printf(" %d", 2);
30	                n %= 2;  // Divide n by 2 (integer division)
28	            while(n % 2 == 0) {
29	                printf(" %d", 2);
30	                n %= 2;  // Divide n by 2 (integer division)
28	            while(n % 2 == 0) {
29	                printf(" %d", 2);
Breakpoint 2 at 0x40064d: file prime_factor.c, line 28.
Continuing.

Breakpoint 2, print_prime_factors (n=0) at prime_factor.c:28
28	            while(n % 2 == 0) {
The history is empty.
The history is empty.
$1 = 0
$2 = 0
Argument required (a breakpoint number).
Function print_prime_factors will be skipped when stepping.
Second argument (specified ignore-count) is missing.
29	                printf(" %d", 2);
30	                n %= 2;  // Divide n by 2 (integer division)
$3 = 0
